<?xml version="1.0" encoding="UTF-8"?>
<coverage generated="1682077581223" clover="3.2.0">
  <project timestamp="1682077581223" name="All files">
    <metrics statements="31" coveredstatements="19" conditionals="0" coveredconditionals="0" methods="14" coveredmethods="11" elements="45" coveredelements="30" complexity="0" loc="31" ncloc="31" packages="1" files="1" classes="1"/>
    <file name="parser.js" path="/home/javitxu13/Escritorio/Proyecto_webScraping/utils/parser.js">
      <metrics statements="31" coveredstatements="19" conditionals="0" coveredconditionals="0" methods="14" coveredmethods="11"/>
      <line num="18" count="1" type="stmt"/>
      <line num="19" count="1" type="stmt"/>
      <line num="23" count="1" type="stmt"/>
      <line num="24" count="1" type="stmt"/>
      <line num="25" count="1" type="stmt"/>
      <line num="29" count="4" type="stmt"/>
      <line num="33" count="0" type="stmt"/>
      <line num="34" count="0" type="stmt"/>
      <line num="35" count="0" type="stmt"/>
      <line num="36" count="0" type="stmt"/>
      <line num="37" count="0" type="stmt"/>
      <line num="38" count="0" type="stmt"/>
      <line num="48" count="1" type="stmt"/>
      <line num="49" count="1" type="stmt"/>
      <line num="53" count="1" type="stmt"/>
      <line num="54" count="1" type="stmt"/>
      <line num="58" count="1" type="stmt"/>
      <line num="59" count="1" type="stmt"/>
      <line num="63" count="1" type="stmt"/>
      <line num="64" count="5" type="stmt"/>
      <line num="68" count="2" type="stmt"/>
      <line num="72" count="0" type="stmt"/>
      <line num="73" count="0" type="stmt"/>
      <line num="74" count="0" type="stmt"/>
      <line num="75" count="0" type="stmt"/>
      <line num="76" count="0" type="stmt"/>
      <line num="77" count="0" type="stmt"/>
      <line num="86" count="1" type="stmt"/>
      <line num="87" count="1" type="stmt"/>
      <line num="91" count="1" type="stmt"/>
      <line num="92" count="1" type="stmt"/>
    </file>
  </project>
</coverage>
