{"/usr/src/app/controllers/googleSearchController.js": {"path":"/usr/src/app/controllers/googleSearchController.js","statementMap":{"0":{"start":{"line":5,"column":25},"end":{"line":5,"column":50}},"1":{"start":{"line":6,"column":16},"end":{"line":6,"column":65}},"2":{"start":{"line":9,"column":20},"end":{"line":9,"column":33}},"3":{"start":{"line":10,"column":4},"end":{"line":10,"column":25}},"4":{"start":{"line":11,"column":17},"end":{"line":11,"column":50}},"5":{"start":{"line":14,"column":19},"end":{"line":14,"column":35}},"6":{"start":{"line":15,"column":18},"end":{"line":15,"column":35}},"7":{"start":{"line":16,"column":4},"end":{"line":16,"column":20}},"8":{"start":{"line":17,"column":4},"end":{"line":17,"column":17}}},"fnMap":{"0":{"name":"searchLinks","decl":{"start":{"line":4,"column":15},"end":{"line":4,"column":26}},"loc":{"start":{"line":4,"column":33},"end":{"line":18,"column":1}},"line":4}},"branchMap":{},"s":{"0":2,"1":2,"2":2,"3":2,"4":2,"5":2,"6":2,"7":2,"8":2},"f":{"0":2},"b":{},"_coverageSchema":"1a1c01bbd47fc00a2c39e90264f33305004495a9","hash":"12f1bf1cb30948cafa46d4d11aa40994350b9fcd"}
,"/usr/src/app/controllers/stackOverflowController.js": {"path":"/usr/src/app/controllers/stackOverflowController.js","statementMap":{"0":{"start":{"line":8,"column":22},"end":{"line":8,"column":88}},"1":{"start":{"line":9,"column":14},"end":{"line":9,"column":84}},"2":{"start":{"line":9,"column":39},"end":{"line":9,"column":83}},"3":{"start":{"line":11,"column":2},"end":{"line":13,"column":3}},"4":{"start":{"line":12,"column":4},"end":{"line":12,"column":101}},"5":{"start":{"line":15,"column":18},"end":{"line":15,"column":31}},"6":{"start":{"line":16,"column":2},"end":{"line":16,"column":23}},"7":{"start":{"line":17,"column":15},"end":{"line":17,"column":48}},"8":{"start":{"line":18,"column":17},"end":{"line":18,"column":33}},"9":{"start":{"line":20,"column":16},"end":{"line":20,"column":33}},"10":{"start":{"line":21,"column":19},"end":{"line":21,"column":39}},"11":{"start":{"line":22,"column":18},"end":{"line":22,"column":41}},"12":{"start":{"line":24,"column":25},"end":{"line":24,"column":58}},"13":{"start":{"line":26,"column":2},"end":{"line":37,"column":3}},"14":{"start":{"line":27,"column":26},"end":{"line":34,"column":6}},"15":{"start":{"line":36,"column":4},"end":{"line":36,"column":50}},"16":{"start":{"line":39,"column":23},"end":{"line":50,"column":5}},"17":{"start":{"line":40,"column":24},"end":{"line":46,"column":6}},"18":{"start":{"line":48,"column":4},"end":{"line":48,"column":29}},"19":{"start":{"line":49,"column":4},"end":{"line":49,"column":23}},"20":{"start":{"line":52,"column":2},"end":{"line":52,"column":24}},"21":{"start":{"line":54,"column":2},"end":{"line":70,"column":4}},"22":{"start":{"line":64,"column":6},"end":{"line":68,"column":8}}},"fnMap":{"0":{"name":"getContent","decl":{"start":{"line":7,"column":15},"end":{"line":7,"column":25}},"loc":{"start":{"line":7,"column":33},"end":{"line":71,"column":1}},"line":7},"1":{"name":"(anonymous_1)","decl":{"start":{"line":9,"column":31},"end":{"line":9,"column":32}},"loc":{"start":{"line":9,"column":39},"end":{"line":9,"column":83}},"line":9},"2":{"name":"(anonymous_2)","decl":{"start":{"line":39,"column":53},"end":{"line":39,"column":54}},"loc":{"start":{"line":39,"column":71},"end":{"line":50,"column":3}},"line":39},"3":{"name":"(anonymous_3)","decl":{"start":{"line":63,"column":30},"end":{"line":63,"column":31}},"loc":{"start":{"line":63,"column":40},"end":{"line":69,"column":5}},"line":63}},"branchMap":{"0":{"loc":{"start":{"line":11,"column":2},"end":{"line":13,"column":3}},"type":"if","locations":[{"start":{"line":11,"column":2},"end":{"line":13,"column":3}},{"start":{},"end":{}}],"line":11},"1":{"loc":{"start":{"line":26,"column":2},"end":{"line":37,"column":3}},"type":"if","locations":[{"start":{"line":26,"column":2},"end":{"line":37,"column":3}},{"start":{},"end":{}}],"line":26}},"s":{"0":1,"1":1,"2":1,"3":1,"4":0,"5":1,"6":1,"7":1,"8":1,"9":1,"10":1,"11":1,"12":1,"13":1,"14":0,"15":0,"16":1,"17":8,"18":8,"19":8,"20":1,"21":1,"22":8},"f":{"0":1,"1":1,"2":8,"3":8},"b":{"0":[0,1],"1":[0,1]},"_coverageSchema":"1a1c01bbd47fc00a2c39e90264f33305004495a9","hash":"0158e83c8dacda7c12d870b121629e302bf7f055"}
,"/usr/src/app/models/answer.js": {"path":"/usr/src/app/models/answer.js","statementMap":{"0":{"start":{"line":4,"column":21},"end":{"line":17,"column":2}},"1":{"start":{"line":19,"column":15},"end":{"line":19,"column":53}}},"fnMap":{},"branchMap":{},"s":{"0":1,"1":1},"f":{},"b":{},"_coverageSchema":"1a1c01bbd47fc00a2c39e90264f33305004495a9","hash":"2f6ca3dee0683c99b18e6b80ec04cf135c9b0ce0"}
,"/usr/src/app/models/question.js": {"path":"/usr/src/app/models/question.js","statementMap":{"0":{"start":{"line":3,"column":23},"end":{"line":24,"column":2}},"1":{"start":{"line":26,"column":17},"end":{"line":26,"column":60}}},"fnMap":{},"branchMap":{},"s":{"0":1,"1":1},"f":{},"b":{},"_coverageSchema":"1a1c01bbd47fc00a2c39e90264f33305004495a9","hash":"3d3d595fa1dd95e4627d78218b3aed6acf1c21ce"}
,"/usr/src/app/utils/mongoose.js": {"path":"/usr/src/app/utils/mongoose.js","statementMap":{"0":{"start":{"line":2,"column":13},"end":{"line":2,"column":35}},"1":{"start":{"line":3,"column":13},"end":{"line":3,"column":18}},"2":{"start":{"line":4,"column":17},"end":{"line":4,"column":33}},"3":{"start":{"line":5,"column":20},"end":{"line":5,"column":59}},"4":{"start":{"line":8,"column":0},"end":{"line":13,"column":78}},"5":{"start":{"line":12,"column":16},"end":{"line":12,"column":64}},"6":{"start":{"line":13,"column":21},"end":{"line":13,"column":76}}},"fnMap":{"0":{"name":"(anonymous_0)","decl":{"start":{"line":12,"column":10},"end":{"line":12,"column":11}},"loc":{"start":{"line":12,"column":16},"end":{"line":12,"column":64}},"line":12},"1":{"name":"(anonymous_1)","decl":{"start":{"line":13,"column":11},"end":{"line":13,"column":12}},"loc":{"start":{"line":13,"column":21},"end":{"line":13,"column":76}},"line":13}},"branchMap":{},"s":{"0":1,"1":1,"2":1,"3":1,"4":1,"5":1,"6":0},"f":{"0":1,"1":0},"b":{},"_coverageSchema":"1a1c01bbd47fc00a2c39e90264f33305004495a9","hash":"a0cf149a2ae0c2055c5c3353f6b9397a32b8683f"}
,"/usr/src/app/utils/parser.js": {"path":"/usr/src/app/utils/parser.js","statementMap":{"0":{"start":{"line":18,"column":4},"end":{"line":18,"column":21}},"1":{"start":{"line":19,"column":4},"end":{"line":19,"column":24}},"2":{"start":{"line":29,"column":18},"end":{"line":29,"column":29}},"3":{"start":{"line":30,"column":16},"end":{"line":30,"column":36}},"4":{"start":{"line":31,"column":4},"end":{"line":31,"column":40}},"5":{"start":{"line":41,"column":4},"end":{"line":41,"column":52}},"6":{"start":{"line":51,"column":21},"end":{"line":51,"column":44}},"7":{"start":{"line":52,"column":18},"end":{"line":52,"column":33}},"8":{"start":{"line":53,"column":16},"end":{"line":53,"column":37}},"9":{"start":{"line":54,"column":18},"end":{"line":54,"column":41}},"10":{"start":{"line":55,"column":18},"end":{"line":55,"column":44}},"11":{"start":{"line":56,"column":4},"end":{"line":62,"column":6}},"12":{"start":{"line":72,"column":18},"end":{"line":72,"column":87}},"13":{"start":{"line":73,"column":4},"end":{"line":73,"column":17}},"14":{"start":{"line":83,"column":16},"end":{"line":83,"column":84}},"15":{"start":{"line":84,"column":4},"end":{"line":84,"column":15}},"16":{"start":{"line":95,"column":18},"end":{"line":95,"column":82}},"17":{"start":{"line":96,"column":4},"end":{"line":96,"column":27}},"18":{"start":{"line":106,"column":18},"end":{"line":106,"column":73}},"19":{"start":{"line":107,"column":4},"end":{"line":107,"column":42}},"20":{"start":{"line":107,"column":31},"end":{"line":107,"column":40}},"21":{"start":{"line":117,"column":18},"end":{"line":117,"column":92}},"22":{"start":{"line":118,"column":4},"end":{"line":118,"column":56}},"23":{"start":{"line":118,"column":31},"end":{"line":118,"column":54}},"24":{"start":{"line":129,"column":4},"end":{"line":129,"column":65}},"25":{"start":{"line":139,"column":20},"end":{"line":139,"column":41}},"26":{"start":{"line":140,"column":4},"end":{"line":149,"column":7}},"27":{"start":{"line":141,"column":20},"end":{"line":141,"column":46}},"28":{"start":{"line":142,"column":21},"end":{"line":142,"column":44}},"29":{"start":{"line":143,"column":25},"end":{"line":143,"column":41}},"30":{"start":{"line":144,"column":6},"end":{"line":148,"column":8}},"31":{"start":{"line":159,"column":18},"end":{"line":159,"column":76}},"32":{"start":{"line":160,"column":4},"end":{"line":160,"column":27}},"33":{"start":{"line":170,"column":19},"end":{"line":170,"column":78}},"34":{"start":{"line":171,"column":4},"end":{"line":171,"column":18}}},"fnMap":{"0":{"name":"(anonymous_0)","decl":{"start":{"line":13,"column":2},"end":{"line":13,"column":3}},"loc":{"start":{"line":13,"column":20},"end":{"line":20,"column":3}},"line":13},"1":{"name":"(anonymous_1)","decl":{"start":{"line":28,"column":2},"end":{"line":28,"column":3}},"loc":{"start":{"line":28,"column":17},"end":{"line":32,"column":3}},"line":28},"2":{"name":"(anonymous_2)","decl":{"start":{"line":40,"column":2},"end":{"line":40,"column":3}},"loc":{"start":{"line":40,"column":21},"end":{"line":42,"column":3}},"line":40},"3":{"name":"(anonymous_3)","decl":{"start":{"line":50,"column":2},"end":{"line":50,"column":3}},"loc":{"start":{"line":50,"column":16},"end":{"line":63,"column":3}},"line":50},"4":{"name":"(anonymous_4)","decl":{"start":{"line":71,"column":2},"end":{"line":71,"column":3}},"loc":{"start":{"line":71,"column":13},"end":{"line":74,"column":3}},"line":71},"5":{"name":"(anonymous_5)","decl":{"start":{"line":82,"column":2},"end":{"line":82,"column":3}},"loc":{"start":{"line":82,"column":18},"end":{"line":85,"column":3}},"line":82},"6":{"name":"(anonymous_6)","decl":{"start":{"line":94,"column":2},"end":{"line":94,"column":3}},"loc":{"start":{"line":94,"column":21},"end":{"line":97,"column":3}},"line":94},"7":{"name":"(anonymous_7)","decl":{"start":{"line":105,"column":2},"end":{"line":105,"column":3}},"loc":{"start":{"line":105,"column":13},"end":{"line":108,"column":3}},"line":105},"8":{"name":"(anonymous_8)","decl":{"start":{"line":107,"column":21},"end":{"line":107,"column":22}},"loc":{"start":{"line":107,"column":31},"end":{"line":107,"column":40}},"line":107},"9":{"name":"(anonymous_9)","decl":{"start":{"line":116,"column":2},"end":{"line":116,"column":3}},"loc":{"start":{"line":116,"column":23},"end":{"line":119,"column":3}},"line":116},"10":{"name":"(anonymous_10)","decl":{"start":{"line":118,"column":21},"end":{"line":118,"column":22}},"loc":{"start":{"line":118,"column":31},"end":{"line":118,"column":54}},"line":118},"11":{"name":"(anonymous_11)","decl":{"start":{"line":128,"column":2},"end":{"line":128,"column":3}},"loc":{"start":{"line":128,"column":19},"end":{"line":130,"column":3}},"line":128},"12":{"name":"(anonymous_12)","decl":{"start":{"line":138,"column":2},"end":{"line":138,"column":3}},"loc":{"start":{"line":138,"column":19},"end":{"line":150,"column":3}},"line":138},"13":{"name":"(anonymous_13)","decl":{"start":{"line":140,"column":23},"end":{"line":140,"column":24}},"loc":{"start":{"line":140,"column":35},"end":{"line":149,"column":5}},"line":140},"14":{"name":"(anonymous_14)","decl":{"start":{"line":158,"column":2},"end":{"line":158,"column":3}},"loc":{"start":{"line":158,"column":25},"end":{"line":161,"column":3}},"line":158},"15":{"name":"(anonymous_15)","decl":{"start":{"line":169,"column":2},"end":{"line":169,"column":3}},"loc":{"start":{"line":169,"column":22},"end":{"line":172,"column":3}},"line":169}},"branchMap":{},"s":{"0":4,"1":4,"2":4,"3":4,"4":4,"5":5,"6":1,"7":1,"8":1,"9":1,"10":1,"11":1,"12":3,"13":3,"14":2,"15":2,"16":2,"17":2,"18":2,"19":2,"20":52,"21":2,"22":2,"23":10,"24":3,"25":1,"26":1,"27":8,"28":8,"29":8,"30":8,"31":9,"32":9,"33":9,"34":9},"f":{"0":4,"1":4,"2":5,"3":1,"4":3,"5":2,"6":2,"7":2,"8":52,"9":2,"10":10,"11":3,"12":1,"13":8,"14":9,"15":9},"b":{},"_coverageSchema":"1a1c01bbd47fc00a2c39e90264f33305004495a9","hash":"fb89600c2cffe506b1a457e59c36c1460269ee53"}
,"/usr/src/app/utils/scraper.js": {"path":"/usr/src/app/utils/scraper.js","statementMap":{"0":{"start":{"line":6,"column":8},"end":{"line":6,"column":28}},"1":{"start":{"line":7,"column":8},"end":{"line":7,"column":25}},"2":{"start":{"line":18,"column":8},"end":{"line":22,"column":11}},"3":{"start":{"line":23,"column":8},"end":{"line":23,"column":49}},"4":{"start":{"line":34,"column":8},"end":{"line":34,"column":34}},"5":{"start":{"line":35,"column":8},"end":{"line":35,"column":41}},"6":{"start":{"line":46,"column":8},"end":{"line":46,"column":35}}},"fnMap":{"0":{"name":"(anonymous_0)","decl":{"start":{"line":5,"column":4},"end":{"line":5,"column":5}},"loc":{"start":{"line":5,"column":17},"end":{"line":8,"column":5}},"line":5},"1":{"name":"(anonymous_1)","decl":{"start":{"line":17,"column":4},"end":{"line":17,"column":5}},"loc":{"start":{"line":17,"column":16},"end":{"line":24,"column":5}},"line":17},"2":{"name":"(anonymous_2)","decl":{"start":{"line":33,"column":4},"end":{"line":33,"column":5}},"loc":{"start":{"line":33,"column":30},"end":{"line":36,"column":7}},"line":33},"3":{"name":"(anonymous_3)","decl":{"start":{"line":45,"column":4},"end":{"line":45,"column":5}},"loc":{"start":{"line":45,"column":17},"end":{"line":47,"column":5}},"line":45}},"branchMap":{},"s":{"0":3,"1":3,"2":3,"3":3,"4":3,"5":3,"6":3},"f":{"0":3,"1":3,"2":3,"3":3},"b":{},"_coverageSchema":"1a1c01bbd47fc00a2c39e90264f33305004495a9","hash":"0565ef52bb25de501ee56db55d16f1989c2221b1"}
}
