{"/usr/src/app/controllers/googleSearchController.js": {"path":"/usr/src/app/controllers/googleSearchController.js","statementMap":{"0":{"start":{"line":5,"column":25},"end":{"line":5,"column":50}},"1":{"start":{"line":6,"column":16},"end":{"line":6,"column":65}},"2":{"start":{"line":9,"column":20},"end":{"line":9,"column":33}},"3":{"start":{"line":10,"column":4},"end":{"line":10,"column":25}},"4":{"start":{"line":11,"column":17},"end":{"line":11,"column":50}},"5":{"start":{"line":14,"column":19},"end":{"line":14,"column":35}},"6":{"start":{"line":15,"column":18},"end":{"line":15,"column":35}},"7":{"start":{"line":16,"column":4},"end":{"line":16,"column":20}},"8":{"start":{"line":17,"column":4},"end":{"line":17,"column":17}}},"fnMap":{"0":{"name":"searchLinks","decl":{"start":{"line":4,"column":15},"end":{"line":4,"column":26}},"loc":{"start":{"line":4,"column":33},"end":{"line":18,"column":1}},"line":4}},"branchMap":{},"s":{"0":2,"1":2,"2":2,"3":2,"4":2,"5":2,"6":2,"7":2,"8":2},"f":{"0":2},"b":{},"_coverageSchema":"1a1c01bbd47fc00a2c39e90264f33305004495a9","hash":"12f1bf1cb30948cafa46d4d11aa40994350b9fcd"}
,"/usr/src/app/controllers/stackOverflowController.js": {"path":"/usr/src/app/controllers/stackOverflowController.js","statementMap":{"0":{"start":{"line":9,"column":24},"end":{"line":9,"column":90}},"1":{"start":{"line":10,"column":16},"end":{"line":10,"column":86}},"2":{"start":{"line":10,"column":41},"end":{"line":10,"column":85}},"3":{"start":{"line":12,"column":20},"end":{"line":12,"column":33}},"4":{"start":{"line":13,"column":4},"end":{"line":13,"column":25}},"5":{"start":{"line":14,"column":17},"end":{"line":14,"column":50}},"6":{"start":{"line":15,"column":19},"end":{"line":15,"column":35}},"7":{"start":{"line":17,"column":4},"end":{"line":17,"column":35}},"8":{"start":{"line":17,"column":16},"end":{"line":17,"column":35}},"9":{"start":{"line":18,"column":18},"end":{"line":18,"column":35}},"10":{"start":{"line":19,"column":21},"end":{"line":19,"column":41}},"11":{"start":{"line":20,"column":20},"end":{"line":20,"column":43}},"12":{"start":{"line":21,"column":26},"end":{"line":28,"column":6}},"13":{"start":{"line":29,"column":4},"end":{"line":29,"column":31}},"14":{"start":{"line":30,"column":4},"end":{"line":39,"column":7}},"15":{"start":{"line":31,"column":28},"end":{"line":37,"column":10}},"16":{"start":{"line":38,"column":8},"end":{"line":38,"column":33}},"17":{"start":{"line":42,"column":4},"end":{"line":42,"column":26}},"18":{"start":{"line":44,"column":4},"end":{"line":49,"column":5}}},"fnMap":{"0":{"name":"getContent","decl":{"start":{"line":8,"column":15},"end":{"line":8,"column":25}},"loc":{"start":{"line":8,"column":33},"end":{"line":50,"column":1}},"line":8},"1":{"name":"(anonymous_1)","decl":{"start":{"line":10,"column":33},"end":{"line":10,"column":34}},"loc":{"start":{"line":10,"column":41},"end":{"line":10,"column":85}},"line":10},"2":{"name":"(anonymous_2)","decl":{"start":{"line":30,"column":20},"end":{"line":30,"column":21}},"loc":{"start":{"line":30,"column":38},"end":{"line":39,"column":5}},"line":30}},"branchMap":{"0":{"loc":{"start":{"line":17,"column":4},"end":{"line":17,"column":35}},"type":"if","locations":[{"start":{"line":17,"column":4},"end":{"line":17,"column":35}},{"start":{},"end":{}}],"line":17}},"s":{"0":1,"1":1,"2":1,"3":1,"4":1,"5":1,"6":1,"7":1,"8":0,"9":1,"10":1,"11":1,"12":1,"13":1,"14":1,"15":8,"16":8,"17":1,"18":1},"f":{"0":1,"1":1,"2":8},"b":{"0":[0,1]},"_coverageSchema":"1a1c01bbd47fc00a2c39e90264f33305004495a9","hash":"29e9c4e77596b7d973177b4204392039263a8788"}
,"/usr/src/app/models/answer.js": {"path":"/usr/src/app/models/answer.js","statementMap":{"0":{"start":{"line":4,"column":21},"end":{"line":17,"column":2}},"1":{"start":{"line":19,"column":15},"end":{"line":19,"column":53}}},"fnMap":{},"branchMap":{},"s":{"0":1,"1":1},"f":{},"b":{},"_coverageSchema":"1a1c01bbd47fc00a2c39e90264f33305004495a9","hash":"2f6ca3dee0683c99b18e6b80ec04cf135c9b0ce0"}
,"/usr/src/app/models/question.js": {"path":"/usr/src/app/models/question.js","statementMap":{"0":{"start":{"line":3,"column":23},"end":{"line":24,"column":2}},"1":{"start":{"line":26,"column":17},"end":{"line":26,"column":60}}},"fnMap":{},"branchMap":{},"s":{"0":1,"1":1},"f":{},"b":{},"_coverageSchema":"1a1c01bbd47fc00a2c39e90264f33305004495a9","hash":"3d3d595fa1dd95e4627d78218b3aed6acf1c21ce"}
,"/usr/src/app/utils/mongoose.js": {"path":"/usr/src/app/utils/mongoose.js","statementMap":{"0":{"start":{"line":2,"column":13},"end":{"line":2,"column":35}},"1":{"start":{"line":3,"column":13},"end":{"line":3,"column":18}},"2":{"start":{"line":4,"column":17},"end":{"line":4,"column":33}},"3":{"start":{"line":5,"column":20},"end":{"line":5,"column":59}},"4":{"start":{"line":8,"column":0},"end":{"line":13,"column":78}},"5":{"start":{"line":12,"column":16},"end":{"line":12,"column":64}},"6":{"start":{"line":13,"column":21},"end":{"line":13,"column":76}}},"fnMap":{"0":{"name":"(anonymous_0)","decl":{"start":{"line":12,"column":10},"end":{"line":12,"column":11}},"loc":{"start":{"line":12,"column":16},"end":{"line":12,"column":64}},"line":12},"1":{"name":"(anonymous_1)","decl":{"start":{"line":13,"column":11},"end":{"line":13,"column":12}},"loc":{"start":{"line":13,"column":21},"end":{"line":13,"column":76}},"line":13}},"branchMap":{},"s":{"0":1,"1":1,"2":1,"3":1,"4":1,"5":1,"6":0},"f":{"0":1,"1":0},"b":{},"_coverageSchema":"1a1c01bbd47fc00a2c39e90264f33305004495a9","hash":"a0cf149a2ae0c2055c5c3353f6b9397a32b8683f"}
,"/usr/src/app/utils/parser.js": {"path":"/usr/src/app/utils/parser.js","statementMap":{"0":{"start":{"line":18,"column":4},"end":{"line":18,"column":21}},"1":{"start":{"line":19,"column":4},"end":{"line":19,"column":24}},"2":{"start":{"line":23,"column":18},"end":{"line":23,"column":29}},"3":{"start":{"line":24,"column":16},"end":{"line":24,"column":36}},"4":{"start":{"line":25,"column":4},"end":{"line":25,"column":40}},"5":{"start":{"line":29,"column":4},"end":{"line":29,"column":52}},"6":{"start":{"line":33,"column":21},"end":{"line":33,"column":44}},"7":{"start":{"line":34,"column":18},"end":{"line":34,"column":33}},"8":{"start":{"line":35,"column":16},"end":{"line":35,"column":37}},"9":{"start":{"line":36,"column":18},"end":{"line":36,"column":41}},"10":{"start":{"line":37,"column":18},"end":{"line":37,"column":44}},"11":{"start":{"line":38,"column":4},"end":{"line":44,"column":6}},"12":{"start":{"line":48,"column":18},"end":{"line":48,"column":87}},"13":{"start":{"line":49,"column":4},"end":{"line":49,"column":17}},"14":{"start":{"line":53,"column":16},"end":{"line":53,"column":84}},"15":{"start":{"line":54,"column":4},"end":{"line":54,"column":15}},"16":{"start":{"line":58,"column":18},"end":{"line":58,"column":82}},"17":{"start":{"line":59,"column":4},"end":{"line":59,"column":27}},"18":{"start":{"line":63,"column":18},"end":{"line":63,"column":74}},"19":{"start":{"line":64,"column":4},"end":{"line":64,"column":42}},"20":{"start":{"line":64,"column":31},"end":{"line":64,"column":40}},"21":{"start":{"line":68,"column":18},"end":{"line":68,"column":93}},"22":{"start":{"line":69,"column":4},"end":{"line":69,"column":56}},"23":{"start":{"line":69,"column":31},"end":{"line":69,"column":54}},"24":{"start":{"line":90,"column":4},"end":{"line":90,"column":65}},"25":{"start":{"line":94,"column":20},"end":{"line":94,"column":41}},"26":{"start":{"line":95,"column":4},"end":{"line":104,"column":7}},"27":{"start":{"line":96,"column":20},"end":{"line":96,"column":46}},"28":{"start":{"line":97,"column":21},"end":{"line":97,"column":44}},"29":{"start":{"line":98,"column":25},"end":{"line":98,"column":41}},"30":{"start":{"line":99,"column":6},"end":{"line":103,"column":8}},"31":{"start":{"line":108,"column":18},"end":{"line":108,"column":76}},"32":{"start":{"line":109,"column":4},"end":{"line":109,"column":27}},"33":{"start":{"line":113,"column":19},"end":{"line":113,"column":78}},"34":{"start":{"line":114,"column":4},"end":{"line":114,"column":18}}},"fnMap":{"0":{"name":"(anonymous_0)","decl":{"start":{"line":13,"column":2},"end":{"line":13,"column":3}},"loc":{"start":{"line":13,"column":20},"end":{"line":20,"column":3}},"line":13},"1":{"name":"(anonymous_1)","decl":{"start":{"line":22,"column":2},"end":{"line":22,"column":3}},"loc":{"start":{"line":22,"column":17},"end":{"line":26,"column":3}},"line":22},"2":{"name":"(anonymous_2)","decl":{"start":{"line":28,"column":2},"end":{"line":28,"column":3}},"loc":{"start":{"line":28,"column":21},"end":{"line":30,"column":3}},"line":28},"3":{"name":"(anonymous_3)","decl":{"start":{"line":32,"column":2},"end":{"line":32,"column":3}},"loc":{"start":{"line":32,"column":16},"end":{"line":45,"column":3}},"line":32},"4":{"name":"(anonymous_4)","decl":{"start":{"line":47,"column":2},"end":{"line":47,"column":3}},"loc":{"start":{"line":47,"column":13},"end":{"line":50,"column":3}},"line":47},"5":{"name":"(anonymous_5)","decl":{"start":{"line":52,"column":2},"end":{"line":52,"column":3}},"loc":{"start":{"line":52,"column":18},"end":{"line":55,"column":3}},"line":52},"6":{"name":"(anonymous_6)","decl":{"start":{"line":57,"column":2},"end":{"line":57,"column":3}},"loc":{"start":{"line":57,"column":21},"end":{"line":60,"column":3}},"line":57},"7":{"name":"(anonymous_7)","decl":{"start":{"line":62,"column":2},"end":{"line":62,"column":3}},"loc":{"start":{"line":62,"column":13},"end":{"line":65,"column":3}},"line":62},"8":{"name":"(anonymous_8)","decl":{"start":{"line":64,"column":21},"end":{"line":64,"column":22}},"loc":{"start":{"line":64,"column":31},"end":{"line":64,"column":40}},"line":64},"9":{"name":"(anonymous_9)","decl":{"start":{"line":67,"column":2},"end":{"line":67,"column":3}},"loc":{"start":{"line":67,"column":23},"end":{"line":70,"column":3}},"line":67},"10":{"name":"(anonymous_10)","decl":{"start":{"line":69,"column":21},"end":{"line":69,"column":22}},"loc":{"start":{"line":69,"column":31},"end":{"line":69,"column":54}},"line":69},"11":{"name":"(anonymous_11)","decl":{"start":{"line":89,"column":2},"end":{"line":89,"column":3}},"loc":{"start":{"line":89,"column":19},"end":{"line":91,"column":3}},"line":89},"12":{"name":"(anonymous_12)","decl":{"start":{"line":93,"column":2},"end":{"line":93,"column":3}},"loc":{"start":{"line":93,"column":19},"end":{"line":105,"column":3}},"line":93},"13":{"name":"(anonymous_13)","decl":{"start":{"line":95,"column":23},"end":{"line":95,"column":24}},"loc":{"start":{"line":95,"column":35},"end":{"line":104,"column":5}},"line":95},"14":{"name":"(anonymous_14)","decl":{"start":{"line":107,"column":2},"end":{"line":107,"column":3}},"loc":{"start":{"line":107,"column":25},"end":{"line":110,"column":3}},"line":107},"15":{"name":"(anonymous_15)","decl":{"start":{"line":112,"column":2},"end":{"line":112,"column":3}},"loc":{"start":{"line":112,"column":22},"end":{"line":115,"column":3}},"line":112}},"branchMap":{},"s":{"0":4,"1":4,"2":4,"3":4,"4":4,"5":5,"6":1,"7":1,"8":1,"9":1,"10":1,"11":1,"12":3,"13":3,"14":2,"15":2,"16":2,"17":2,"18":2,"19":2,"20":52,"21":2,"22":2,"23":10,"24":3,"25":1,"26":1,"27":8,"28":8,"29":8,"30":8,"31":9,"32":9,"33":9,"34":9},"f":{"0":4,"1":4,"2":5,"3":1,"4":3,"5":2,"6":2,"7":2,"8":52,"9":2,"10":10,"11":3,"12":1,"13":8,"14":9,"15":9},"b":{},"_coverageSchema":"1a1c01bbd47fc00a2c39e90264f33305004495a9","hash":"1c28e58ddc4cbbad1983a809dc552860259f10c7"}
,"/usr/src/app/utils/scraper.js": {"path":"/usr/src/app/utils/scraper.js","statementMap":{"0":{"start":{"line":6,"column":8},"end":{"line":6,"column":28}},"1":{"start":{"line":7,"column":8},"end":{"line":7,"column":25}},"2":{"start":{"line":11,"column":8},"end":{"line":15,"column":11}},"3":{"start":{"line":16,"column":8},"end":{"line":16,"column":49}},"4":{"start":{"line":20,"column":8},"end":{"line":20,"column":34}},"5":{"start":{"line":21,"column":8},"end":{"line":21,"column":41}},"6":{"start":{"line":34,"column":8},"end":{"line":34,"column":35}}},"fnMap":{"0":{"name":"(anonymous_0)","decl":{"start":{"line":5,"column":4},"end":{"line":5,"column":5}},"loc":{"start":{"line":5,"column":17},"end":{"line":8,"column":5}},"line":5},"1":{"name":"(anonymous_1)","decl":{"start":{"line":10,"column":4},"end":{"line":10,"column":5}},"loc":{"start":{"line":10,"column":16},"end":{"line":17,"column":5}},"line":10},"2":{"name":"(anonymous_2)","decl":{"start":{"line":19,"column":4},"end":{"line":19,"column":5}},"loc":{"start":{"line":19,"column":30},"end":{"line":22,"column":7}},"line":19},"3":{"name":"(anonymous_3)","decl":{"start":{"line":33,"column":4},"end":{"line":33,"column":5}},"loc":{"start":{"line":33,"column":17},"end":{"line":35,"column":5}},"line":33}},"branchMap":{},"s":{"0":3,"1":3,"2":3,"3":3,"4":3,"5":3,"6":3},"f":{"0":3,"1":3,"2":3,"3":3},"b":{},"_coverageSchema":"1a1c01bbd47fc00a2c39e90264f33305004495a9","hash":"6939ea12500e90868ad6d98cde06a39e848bdafd"}
}
